2026-06-29 12:38:40,120 | INFO     | __main__             | ======================================================================
2026-06-29 12:38:40,121 | INFO     | __main__             | Semantic Code Clone Detection — Training
2026-06-29 12:38:40,121 | INFO     | __main__             | ======================================================================
2026-06-29 12:38:40,126 | INFO     | src.utils            | Random seed set to 42
2026-06-29 12:38:42,745 | INFO     | __main__             | Environment: {'python_version': '3.12.2 (v3.12.2:6abddd9f6a, Feb  6 2024, 17:02:06) [Clang 13.0.0 (clang-1300.0.29.30)]', 'platform': 'macOS-26.5.1-arm64-arm-64bit', 'pytorch_version': '2.12.1', 'cuda_available': False, 'transformers_version': '5.12.1'}
2026-06-29 12:38:42,745 | INFO     | __main__             | 
[1/5] Loading dataset...
2026-06-29 12:38:42,745 | INFO     | __main__             | Using synthetic dataset for development
2026-06-29 12:38:43,816 | INFO     | __main__             | Dataset: 1000 train, 160 val, 400 test
2026-06-29 12:38:43,816 | INFO     | __main__             | 
[2/5] Preprocessing code...
2026-06-29 12:38:44,073 | INFO     | __main__             | 
[3/5] Initializing model...
2026-06-29 12:38:46,066 | INFO     | src.embeddings       | Loading tokenizer: microsoft/codebert-base
2026-06-29 12:38:46,809 | INFO     | httpx                | HTTP Request: GET https://huggingface.co/api/agent-harnesses "HTTP/1.1 200 OK"
2026-06-29 12:38:47,204 | INFO     | httpx                | HTTP Request: HEAD https://huggingface.co/microsoft/codebert-base/resolve/main/config.json "HTTP/1.1 307 Temporary Redirect"
2026-06-29 12:38:47,251 | INFO     | httpx                | HTTP Request: HEAD https://huggingface.co/api/resolve-cache/models/microsoft/codebert-base/3b0952feddeffad0063f274080e3c23d75e7eb39/config.json "HTTP/1.1 200 OK"
2026-06-29 12:38:47,524 | INFO     | httpx                | HTTP Request: HEAD https://huggingface.co/microsoft/codebert-base/resolve/main/tokenizer_config.json "HTTP/1.1 307 Temporary Redirect"
2026-06-29 12:38:47,573 | INFO     | httpx                | HTTP Request: HEAD https://huggingface.co/api/resolve-cache/models/microsoft/codebert-base/3b0952feddeffad0063f274080e3c23d75e7eb39/tokenizer_config.json "HTTP/1.1 200 OK"
2026-06-29 12:38:47,851 | INFO     | httpx                | HTTP Request: GET https://huggingface.co/api/models/microsoft/codebert-base/tree/main/additional_chat_templates?recursive=false&expand=false "HTTP/1.1 404 Not Found"
2026-06-29 12:38:48,140 | INFO     | httpx                | HTTP Request: GET https://huggingface.co/api/models/microsoft/codebert-base/tree/main?recursive=true&expand=false "HTTP/1.1 200 OK"
2026-06-29 12:38:48,204 | INFO     | src.embeddings       | Loading pretrained model: microsoft/codebert-base
2026-06-29 12:38:48,471 | INFO     | httpx                | HTTP Request: HEAD https://huggingface.co/microsoft/codebert-base/resolve/main/config.json "HTTP/1.1 307 Temporary Redirect"
2026-06-29 12:38:48,472 | WARNING  | huggingface_hub.utils._http | Warning: You are sending unauthenticated requests to the HF Hub. Please set a HF_TOKEN to enable higher rate limits and faster downloads.
2026-06-29 12:38:48,519 | INFO     | httpx                | HTTP Request: HEAD https://huggingface.co/api/resolve-cache/models/microsoft/codebert-base/3b0952feddeffad0063f274080e3c23d75e7eb39/config.json "HTTP/1.1 200 OK"
2026-06-29 12:38:48,998 | INFO     | httpx                | HTTP Request: HEAD https://huggingface.co/microsoft/codebert-base/resolve/main/model.safetensors "HTTP/1.1 404 Not Found"
2026-06-29 12:38:49,272 | INFO     | httpx                | HTTP Request: GET https://huggingface.co/api/models/microsoft/codebert-base "HTTP/1.1 200 OK"
2026-06-29 12:38:49,582 | INFO     | httpx                | HTTP Request: GET https://huggingface.co/api/models/microsoft/codebert-base/commits/main "HTTP/1.1 200 OK"
2026-06-29 12:38:49,605 | INFO     | src.embeddings       | Loading pretrained model: microsoft/codebert-base
2026-06-29 12:38:49,878 | INFO     | httpx                | HTTP Request: GET https://huggingface.co/api/models/microsoft/codebert-base/discussions?p=0 "HTTP/1.1 200 OK"
2026-06-29 12:38:49,975 | INFO     | httpx                | HTTP Request: HEAD https://huggingface.co/microsoft/codebert-base/resolve/main/config.json "HTTP/1.1 307 Temporary Redirect"
2026-06-29 12:38:50,026 | INFO     | httpx                | HTTP Request: HEAD https://huggingface.co/api/resolve-cache/models/microsoft/codebert-base/3b0952feddeffad0063f274080e3c23d75e7eb39/config.json "HTTP/1.1 200 OK"
2026-06-29 12:38:50,214 | INFO     | httpx                | HTTP Request: GET https://huggingface.co/api/models/microsoft/codebert-base/commits/refs%2Fpr%2F9 "HTTP/1.1 200 OK"
2026-06-29 12:38:50,301 | INFO     | httpx                | HTTP Request: HEAD https://huggingface.co/microsoft/codebert-base/resolve/main/model.safetensors "HTTP/1.1 404 Not Found"
2026-06-29 12:38:50,492 | INFO     | httpx                | HTTP Request: HEAD https://huggingface.co/microsoft/codebert-base/resolve/refs%2Fpr%2F9/model.safetensors.index.json "HTTP/1.1 404 Not Found"
2026-06-29 12:38:50,587 | INFO     | httpx                | HTTP Request: GET https://huggingface.co/api/models/microsoft/codebert-base "HTTP/1.1 200 OK"
2026-06-29 12:38:50,588 | INFO     | src.models           | SiameseCloneDetector: backbone=microsoft/codebert-base, loss=contrastive, margin=1.0
2026-06-29 12:38:50,589 | INFO     | __main__             | Model Summary:
  Total parameters:     125,433,088
  Trainable parameters: 125,433,088
  Frozen parameters:    0
2026-06-29 12:38:50,589 | INFO     | __main__             | 
[4/5] Building DataLoaders...
2026-06-29 12:38:50,604 | INFO     | __main__             | Batches: 31 train, 3 val, 7 test
2026-06-29 12:38:50,604 | INFO     | __main__             | 
[5/5] Starting training...
2026-06-29 12:38:50,912 | INFO     | httpx                | HTTP Request: HEAD https://huggingface.co/microsoft/codebert-base/resolve/refs%2Fpr%2F9/model.safetensors "HTTP/1.1 302 Found"
2026-06-29 12:38:50,914 | INFO     | httpx                | HTTP Request: GET https://huggingface.co/api/models/microsoft/codebert-base/commits/main "HTTP/1.1 200 OK"
2026-06-29 12:38:51,006 | INFO     | src.models.trainer   | Trainer initialized: device=cpu, epochs=3, steps=93, fp16=False
2026-06-29 12:38:51,006 | INFO     | src.models.trainer   | Starting training for 3 epochs
2026-06-29 12:38:51,006 | INFO     | src.models.trainer   | 
============================================================
2026-06-29 12:38:51,006 | INFO     | src.models.trainer   | Epoch 1/3
2026-06-29 12:38:51,006 | INFO     | src.models.trainer   | ============================================================
2026-06-29 12:38:51,225 | INFO     | httpx                | HTTP Request: GET https://huggingface.co/api/models/microsoft/codebert-base/discussions?p=0 "HTTP/1.1 200 OK"
2026-06-29 12:38:51,528 | INFO     | httpx                | HTTP Request: GET https://huggingface.co/api/models/microsoft/codebert-base/commits/refs%2Fpr%2F9 "HTTP/1.1 200 OK"
2026-06-29 12:38:51,797 | INFO     | httpx                | HTTP Request: HEAD https://huggingface.co/microsoft/codebert-base/resolve/refs%2Fpr%2F9/model.safetensors.index.json "HTTP/1.1 404 Not Found"
2026-06-29 12:38:52,083 | INFO     | httpx                | HTTP Request: HEAD https://huggingface.co/microsoft/codebert-base/resolve/refs%2Fpr%2F9/model.safetensors "HTTP/1.1 302 Found"
